<?xml version="1.0" encoding="UTF-8"?>
<!-- Generated by org.testng.reporters.JUnitXMLReporter -->
<testsuite ignored="0" hostname="Radhika-Dell0001" failures="0" tests="1" name="Test-Runner-1" time="141.244" errors="0" timestamp="2023-12-21T17:56:15 IST">
  <testcase classname="productsTests.CreateProductTest" name="createContactWithMandatoryFields" time="59.365"/>
</testsuite> <!-- Test-Runner-1 -->
