<?xml version="1.0" encoding="UTF-8"?>
<!-- Generated by org.testng.reporters.JUnitXMLReporter -->
<testsuite ignored="0" hostname="Radhika-Dell0001" failures="0" tests="1" name="Test-Chrome" time="75.259" errors="0" timestamp="2023-12-21T19:05:51 IST">
  <testcase classname="campaignsTests.CreateCampaignTest" name="createCampaignWithMandatoryFields" time="44.317"/>
</testsuite> <!-- Test-Chrome -->
