<?xml version="1.0" encoding="UTF-8"?>
<!-- Generated by org.testng.reporters.JUnitReportReporter -->
<testsuite hostname="Radhika-Dell0001" failures="0" tests="1" name="practice.ReadDataFromCmdLine" time="0.021" errors="0" timestamp="2024-01-02T17:54:58 IST" skipped="0">
  <testcase classname="practice.ReadDataFromCmdLine" name="read" time="0.021"/>
</testsuite> <!-- practice.ReadDataFromCmdLine -->
