<?xml version="1.0" encoding="UTF-8"?>
<!-- Generated by org.testng.reporters.JUnitReportReporter -->
<testsuite hostname="Radhika-Dell0001" failures="0" tests="1" name="leadsTests.CreateLeadTest" time="89.615" errors="0" timestamp="2023-12-21T17:56:17 IST" skipped="0">
  <testcase classname="leadsTests.CreateLeadTest" name="createLeadWithMandatoryFields" time="89.615"/>
</testsuite> <!-- leadsTests.CreateLeadTest -->
