<?xml version="1.0" encoding="UTF-8"?>
<!-- Generated by org.testng.reporters.JUnitReportReporter -->
<testsuite hostname="Radhika-Dell0001" failures="0" tests="1" name="campaignsTests.CreateCampaign" time="28.210" errors="0" timestamp="2023-12-18T18:36:16 IST" skipped="0">
  <testcase classname="campaignsTests.CreateCampaign" name="createCampaignWithMandatoryFields" time="28.210"/>
</testsuite> <!-- campaignsTests.CreateCampaign -->
