<?xml version="1.0" encoding="UTF-8"?>
<!-- Generated by org.testng.reporters.JUnitReportReporter -->
<testsuite hostname="Radhika-Dell0001" failures="0" tests="2" name="campaignsTests.CreateCampaignTest" time="124.213" errors="0" timestamp="2023-12-21T19:05:52 IST" skipped="0">
  <testcase classname="campaignsTests.CreateCampaignTest" name="createCampaignWithMandatoryFields" time="60.837"/>
  <testcase classname="campaignsTests.CreateCampaignTest" name="createCampaignWithMandatoryFields" time="63.376"/>
</testsuite> <!-- campaignsTests.CreateCampaignTest -->
