<?xml version="1.0" encoding="UTF-8"?>
<!-- Generated by org.testng.reporters.JUnitReportReporter -->
<testsuite hostname="Radhika-Dell0001" failures="0" tests="1" name="productsTests.CreateProduct" time="46.128" errors="0" timestamp="2023-12-18T18:32:42 IST" skipped="0">
  <testcase classname="productsTests.CreateProduct" name="createContactWithMandatoryFields" time="46.128"/>
</testsuite> <!-- productsTests.CreateProduct -->
