<?xml version="1.0" encoding="UTF-8"?>
<!-- Generated by org.testng.reporters.JUnitReportReporter -->
<testsuite hostname="Radhika-Dell0001" failures="0" tests="1" name="productsTests.CreateProductTest" time="34.848" errors="0" timestamp="2024-01-02T17:43:41 IST" skipped="0">
  <testcase classname="productsTests.CreateProductTest" name="createProductWithMandatoryFields" time="34.848"/>
</testsuite> <!-- productsTests.CreateProductTest -->
