<?xml version="1.0" encoding="UTF-8"?>
<!-- Generated by org.testng.reporters.JUnitReportReporter -->
<testsuite hostname="Radhika-Dell0001" failures="0" tests="1" name="leadsTests.CreateLead" time="28.455" errors="0" timestamp="2023-12-18T18:37:11 IST" skipped="0">
  <testcase classname="leadsTests.CreateLead" name="createLeadWithMandatoryFields" time="28.455"/>
</testsuite> <!-- leadsTests.CreateLead -->
